<?xml version="1.0" encoding="UTF-8"?>
<!-- Generated by org.testng.reporters.JUnitXMLReporter -->
<testsuite ignored="0" hostname="DESKTOP-O5BDQNS" failures="1" tests="2" name="Tests" time="30.633" errors="0" timestamp="2024-08-29T15:38:35 IST">
  <testcase classname="practisetest.AdvancedRegisterPageTest" name="userDetails" time="8.647">
    <failure type="java.lang.AssertionError" message="Actual msg and expected msg did not match: ">
      <![CDATA[java.lang.AssertionError: Actual msg and expected msg did not match: 
at practisetest.AdvancedRegisterPageTest.userDetails(AdvancedRegisterPageTest.java:35)
at java.base/java.util.ArrayList.forEach(ArrayList.java:1597)
... Removed 26 stack frames]]>
    </failure>
  </testcase> <!-- userDetails -->
  <testcase classname="practisetest.SurveyFormPageTest" name="SurveyFormPageTest" time="6.863"/>
</testsuite> <!-- Tests -->
